{"uid":"77085d8149560aa4","name":"testUpdateUserInfoAndExpectIncorrectValue","fullName":"tests.UpdateUserTest.testUpdateUserInfoAndExpectIncorrectValue","historyId":"cb6b6f64a5f929421a2c14f16caebaff","time":{"start":1756194783255,"stop":1756194783590,"duration":335},"description":"Test case: Update infor and expect invalid status code","descriptionHtml":"<p>Test case: Update infor and expect invalid status code</p>\n","status":"failed","statusMessage":"expected [tester123] but found [test]","statusTrace":"java.lang.AssertionError: expected [tester123] but found [test]\n\tat org.testng.Assert.fail(Assert.java:111)\n\tat org.testng.Assert.failNotEquals(Assert.java:1590)\n\tat org.testng.Assert.assertEqualsImpl(Assert.java:150)\n\tat org.testng.Assert.assertEquals(Assert.java:132)\n\tat org.testng.Assert.assertEquals(Assert.java:656)\n\tat org.testng.Assert.assertEquals(Assert.java:666)\n\tat tests.UpdateUserTest.testUpdateUserInfoAndExpectIncorrectValue(UpdateUserTest.java:48)\n\tat java.base/jdk.internal.reflect.NativeMethodAccessorImpl.invoke0(Native Method)\n\tat java.base/jdk.internal.reflect.NativeMethodAccessorImpl.invoke(NativeMethodAccessorImpl.java:77)\n\tat java.base/jdk.internal.reflect.DelegatingMethodAccessorImpl.invoke(DelegatingMethodAccessorImpl.java:43)\n\tat java.base/java.lang.reflect.Method.invoke(Method.java:569)\n\tat org.testng.internal.invokers.MethodInvocationHelper.invokeMethod(MethodInvocationHelper.java:141)\n\tat org.testng.internal.invokers.TestInvoker.invokeMethod(TestInvoker.java:687)\n\tat org.testng.internal.invokers.TestInvoker.invokeTestMethod(TestInvoker.java:230)\n\tat org.testng.internal.invokers.MethodRunner.runInSequence(MethodRunner.java:63)\n\tat org.testng.internal.invokers.TestInvoker$MethodInvocationAgent.invoke(TestInvoker.java:995)\n\tat org.testng.internal.invokers.TestInvoker.invokeTestMethods(TestInvoker.java:203)\n\tat org.testng.internal.invokers.TestMethodWorker.invokeTestMethods(TestMethodWorker.java:154)\n\tat org.testng.internal.invokers.TestMethodWorker.run(TestMethodWorker.java:134)\n\tat java.base/java.util.ArrayList.forEach(ArrayList.java:1511)\n\tat org.testng.TestRunner.privateRun(TestRunner.java:741)\n\tat org.testng.TestRunner.run(TestRunner.java:616)\n\tat org.testng.SuiteRunner.runTest(SuiteRunner.java:421)\n\tat org.testng.SuiteRunner.runSequentially(SuiteRunner.java:413)\n\tat org.testng.SuiteRunner.privateRun(SuiteRunner.java:373)\n\tat org.testng.SuiteRunner.run(SuiteRunner.java:312)\n\tat org.testng.SuiteRunnerWorker.runSuite(SuiteRunnerWorker.java:52)\n\tat org.testng.SuiteRunnerWorker.run(SuiteRunnerWorker.java:95)\n\tat org.testng.TestNG.runSuitesSequentially(TestNG.java:1274)\n\tat org.testng.TestNG.runSuitesLocally(TestNG.java:1208)\n\tat org.testng.TestNG.runSuites(TestNG.java:1112)\n\tat org.testng.TestNG.run(TestNG.java:1079)\n\tat org.apache.maven.surefire.testng.TestNGExecutor.run(TestNGExecutor.java:308)\n\tat org.apache.maven.surefire.testng.TestNGXmlTestSuite.execute(TestNGXmlTestSuite.java:71)\n\tat org.apache.maven.surefire.testng.TestNGProvider.invoke(TestNGProvider.java:113)\n\tat org.apache.maven.surefire.booter.ForkedBooter.runSuitesInProcess(ForkedBooter.java:385)\n\tat org.apache.maven.surefire.booter.ForkedBooter.execute(ForkedBooter.java:162)\n\tat org.apache.maven.surefire.booter.ForkedBooter.run(ForkedBooter.java:507)\n\tat org.apache.maven.surefire.booter.ForkedBooter.main(ForkedBooter.java:495)\n","flaky":false,"newFailed":false,"newBroken":false,"newPassed":false,"retriesCount":0,"retriesStatusChange":false,"beforeStages":[{"name":"setUp","time":{"start":1756194783253,"stop":1756194783254,"duration":1},"description":"","status":"passed","steps":[{"name":"Init properties file and get enviroment from xml file","time":{"start":1756194783253,"stop":1756194783254,"duration":1},"status":"passed","steps":[],"attachments":[],"parameters":[{"name":"env","value":"test"}],"shouldDisplayMessage":false,"stepsCount":0,"attachmentsCount":0,"hasContent":true}],"attachments":[],"parameters":[],"shouldDisplayMessage":false,"stepsCount":1,"attachmentsCount":0,"hasContent":true}],"testStage":{"description":"Test case: Update infor and expect invalid status code","status":"failed","statusMessage":"expected [tester123] but found [test]","statusTrace":"java.lang.AssertionError: expected [tester123] but found [test]\n\tat org.testng.Assert.fail(Assert.java:111)\n\tat org.testng.Assert.failNotEquals(Assert.java:1590)\n\tat org.testng.Assert.assertEqualsImpl(Assert.java:150)\n\tat org.testng.Assert.assertEquals(Assert.java:132)\n\tat org.testng.Assert.assertEquals(Assert.java:656)\n\tat org.testng.Assert.assertEquals(Assert.java:666)\n\tat tests.UpdateUserTest.testUpdateUserInfoAndExpectIncorrectValue(UpdateUserTest.java:48)\n\tat java.base/jdk.internal.reflect.NativeMethodAccessorImpl.invoke0(Native Method)\n\tat java.base/jdk.internal.reflect.NativeMethodAccessorImpl.invoke(NativeMethodAccessorImpl.java:77)\n\tat java.base/jdk.internal.reflect.DelegatingMethodAccessorImpl.invoke(DelegatingMethodAccessorImpl.java:43)\n\tat java.base/java.lang.reflect.Method.invoke(Method.java:569)\n\tat org.testng.internal.invokers.MethodInvocationHelper.invokeMethod(MethodInvocationHelper.java:141)\n\tat org.testng.internal.invokers.TestInvoker.invokeMethod(TestInvoker.java:687)\n\tat org.testng.internal.invokers.TestInvoker.invokeTestMethod(TestInvoker.java:230)\n\tat org.testng.internal.invokers.MethodRunner.runInSequence(MethodRunner.java:63)\n\tat org.testng.internal.invokers.TestInvoker$MethodInvocationAgent.invoke(TestInvoker.java:995)\n\tat org.testng.internal.invokers.TestInvoker.invokeTestMethods(TestInvoker.java:203)\n\tat org.testng.internal.invokers.TestMethodWorker.invokeTestMethods(TestMethodWorker.java:154)\n\tat org.testng.internal.invokers.TestMethodWorker.run(TestMethodWorker.java:134)\n\tat java.base/java.util.ArrayList.forEach(ArrayList.java:1511)\n\tat org.testng.TestRunner.privateRun(TestRunner.java:741)\n\tat org.testng.TestRunner.run(TestRunner.java:616)\n\tat org.testng.SuiteRunner.runTest(SuiteRunner.java:421)\n\tat org.testng.SuiteRunner.runSequentially(SuiteRunner.java:413)\n\tat org.testng.SuiteRunner.privateRun(SuiteRunner.java:373)\n\tat org.testng.SuiteRunner.run(SuiteRunner.java:312)\n\tat org.testng.SuiteRunnerWorker.runSuite(SuiteRunnerWorker.java:52)\n\tat org.testng.SuiteRunnerWorker.run(SuiteRunnerWorker.java:95)\n\tat org.testng.TestNG.runSuitesSequentially(TestNG.java:1274)\n\tat org.testng.TestNG.runSuitesLocally(TestNG.java:1208)\n\tat org.testng.TestNG.runSuites(TestNG.java:1112)\n\tat org.testng.TestNG.run(TestNG.java:1079)\n\tat org.apache.maven.surefire.testng.TestNGExecutor.run(TestNGExecutor.java:308)\n\tat org.apache.maven.surefire.testng.TestNGXmlTestSuite.execute(TestNGXmlTestSuite.java:71)\n\tat org.apache.maven.surefire.testng.TestNGProvider.invoke(TestNGProvider.java:113)\n\tat org.apache.maven.surefire.booter.ForkedBooter.runSuitesInProcess(ForkedBooter.java:385)\n\tat org.apache.maven.surefire.booter.ForkedBooter.execute(ForkedBooter.java:162)\n\tat org.apache.maven.surefire.booter.ForkedBooter.run(ForkedBooter.java:507)\n\tat org.apache.maven.surefire.booter.ForkedBooter.main(ForkedBooter.java:495)\n","steps":[{"name":"PUT","time":{"start":1756194783255,"stop":1756194783575,"duration":320},"status":"passed","steps":[{"name":"Repare request header","time":{"start":1756194783255,"stop":1756194783256,"duration":1},"status":"passed","steps":[],"attachments":[],"parameters":[],"shouldDisplayMessage":false,"stepsCount":0,"attachmentsCount":0,"hasContent":false}],"attachments":[{"uid":"bb076d9b5b205590","name":"Request","source":"bb076d9b5b205590.html","type":"text/html","size":741},{"uid":"4701df11f347dcb1","name":"HTTP/1.1 200 OK","source":"4701df11f347dcb1.html","type":"text/html","size":2299}],"parameters":[{"name":"endpoint","value":"/api/users/2"},{"name":"body","value":"{job=test}"}],"shouldDisplayMessage":false,"stepsCount":1,"attachmentsCount":2,"hasContent":true}],"attachments":[],"parameters":[],"shouldDisplayMessage":true,"stepsCount":2,"attachmentsCount":2,"hasContent":true},"afterStages":[],"labels":[{"name":"package","value":"tests.UpdateUserTest"},{"name":"testClass","value":"tests.UpdateUserTest"},{"name":"testMethod","value":"testUpdateUserInfoAndExpectIncorrectValue"},{"name":"parentSuite","value":"API Suite"},{"name":"suite","value":"Single API Tests"},{"name":"subSuite","value":"tests.UpdateUserTest"},{"name":"host","value":"pkrvmqc4gcfdwos"},{"name":"thread","value":"2485@pkrvmqc4gcfdwos.main(1)"},{"name":"framework","value":"testng"},{"name":"language","value":"java"},{"name":"resultFormat","value":"allure2"}],"parameters":[{"name":"env","value":"test"}],"links":[],"hidden":false,"retry":false,"extra":{"severity":"normal","retries":[],"categories":[{"name":"Product defects","matchedStatuses":[],"flaky":false}],"history":{"statistic":{"failed":10,"broken":0,"skipped":0,"passed":0,"unknown":0,"total":10},"items":[{"uid":"8025921d0ebb74ea","reportUrl":"https://htuanln97.github.io/java-api-test/2//#testresult/8025921d0ebb74ea","status":"failed","statusDetails":"expected [tester123] but found [test]","time":{"start":1756191978019,"stop":1756191978166,"duration":147}},{"uid":"ce4af77ab6392a48","reportUrl":"https://htuanln97.github.io/java-api-test/1//#testresult/ce4af77ab6392a48","status":"failed","statusDetails":"expected [tester123] but found [test]","time":{"start":1756190700530,"stop":1756190700766,"duration":236}},{"uid":"5809bbea9e2f6ca6","reportUrl":"https://htuanln97.github.io/java-api-test/31//#testresult/5809bbea9e2f6ca6","status":"failed","statusDetails":"expected [tester123] but found [test]","time":{"start":1756177466838,"stop":1756177467093,"duration":255}},{"uid":"350bf566520b2f16","reportUrl":"https://htuanln97.github.io/java-api-test/30//#testresult/350bf566520b2f16","status":"failed","statusDetails":"expected [tester123] but found [test]","time":{"start":1756091413766,"stop":1756091413948,"duration":182}},{"uid":"573bf9ea86ae880f","reportUrl":"https://htuanln97.github.io/java-api-test/29//#testresult/573bf9ea86ae880f","status":"failed","statusDetails":"expected [tester123] but found [test]","time":{"start":1756037063750,"stop":1756037063940,"duration":190}},{"uid":"b02c6bb5e0e0e5d9","reportUrl":"https://htuanln97.github.io/java-api-test/28//#testresult/b02c6bb5e0e0e5d9","status":"failed","statusDetails":"expected [tester123] but found [test]","time":{"start":1756036490094,"stop":1756036490248,"duration":154}},{"uid":"c7a11421cbb4c74d","reportUrl":"https://htuanln97.github.io/java-api-test/27//#testresult/c7a11421cbb4c74d","status":"failed","statusDetails":"expected [tester123] but found [test]","time":{"start":1756036418002,"stop":1756036418147,"duration":145}},{"uid":"ab626ac378dd1220","reportUrl":"https://htuanln97.github.io/java-api-test/26//#testresult/ab626ac378dd1220","status":"failed","statusDetails":"expected [tester123] but found [test]","time":{"start":1756036347587,"stop":1756036347734,"duration":147}},{"uid":"34344ccbc1fedaf1","reportUrl":"https://htuanln97.github.io/java-api-test/25//#testresult/34344ccbc1fedaf1","status":"failed","statusDetails":"expected [tester123] but found [test]","time":{"start":1756034121232,"stop":1756034121372,"duration":140}}]},"tags":[]},"source":"77085d8149560aa4.json","parameterValues":["test"]}