{"uid":"f69693a4af271b5c","name":"testDeleteUserWithoutUserID","fullName":"tests.DeleteUserTest.testDeleteUserWithoutUserID","historyId":"3fe3218a368d949bcf0a6635ab6df64f","time":{"start":1756190701342,"stop":1756190701558,"duration":216},"description":"Test case: Delete user - missing user id","descriptionHtml":"<p>Test case: Delete user - missing user id</p>\n","status":"failed","statusMessage":"expected [400] but found [204]","statusTrace":"java.lang.AssertionError: expected [400] but found [204]\n\tat org.testng.Assert.fail(Assert.java:111)\n\tat org.testng.Assert.failNotEquals(Assert.java:1590)\n\tat org.testng.Assert.assertEqualsImpl(Assert.java:150)\n\tat org.testng.Assert.assertEquals(Assert.java:132)\n\tat org.testng.Assert.assertEquals(Assert.java:1431)\n\tat org.testng.Assert.assertEquals(Assert.java:1395)\n\tat org.testng.Assert.assertEquals(Assert.java:1441)\n\tat tests.DeleteUserTest.testDeleteUserWithoutUserID(DeleteUserTest.java:46)\n\tat java.base/jdk.internal.reflect.NativeMethodAccessorImpl.invoke0(Native Method)\n\tat java.base/jdk.internal.reflect.NativeMethodAccessorImpl.invoke(NativeMethodAccessorImpl.java:77)\n\tat java.base/jdk.internal.reflect.DelegatingMethodAccessorImpl.invoke(DelegatingMethodAccessorImpl.java:43)\n\tat java.base/java.lang.reflect.Method.invoke(Method.java:569)\n\tat org.testng.internal.invokers.MethodInvocationHelper.invokeMethod(MethodInvocationHelper.java:141)\n\tat org.testng.internal.invokers.TestInvoker.invokeMethod(TestInvoker.java:687)\n\tat org.testng.internal.invokers.TestInvoker.invokeTestMethod(TestInvoker.java:230)\n\tat org.testng.internal.invokers.MethodRunner.runInSequence(MethodRunner.java:63)\n\tat org.testng.internal.invokers.TestInvoker$MethodInvocationAgent.invoke(TestInvoker.java:995)\n\tat org.testng.internal.invokers.TestInvoker.invokeTestMethods(TestInvoker.java:203)\n\tat org.testng.internal.invokers.TestMethodWorker.invokeTestMethods(TestMethodWorker.java:154)\n\tat org.testng.internal.invokers.TestMethodWorker.run(TestMethodWorker.java:134)\n\tat java.base/java.util.ArrayList.forEach(ArrayList.java:1511)\n\tat org.testng.TestRunner.privateRun(TestRunner.java:741)\n\tat org.testng.TestRunner.run(TestRunner.java:616)\n\tat org.testng.SuiteRunner.runTest(SuiteRunner.java:421)\n\tat org.testng.SuiteRunner.runSequentially(SuiteRunner.java:413)\n\tat org.testng.SuiteRunner.privateRun(SuiteRunner.java:373)\n\tat org.testng.SuiteRunner.run(SuiteRunner.java:312)\n\tat org.testng.SuiteRunnerWorker.runSuite(SuiteRunnerWorker.java:52)\n\tat org.testng.SuiteRunnerWorker.run(SuiteRunnerWorker.java:95)\n\tat org.testng.TestNG.runSuitesSequentially(TestNG.java:1274)\n\tat org.testng.TestNG.runSuitesLocally(TestNG.java:1208)\n\tat org.testng.TestNG.runSuites(TestNG.java:1112)\n\tat org.testng.TestNG.run(TestNG.java:1079)\n\tat org.apache.maven.surefire.testng.TestNGExecutor.run(TestNGExecutor.java:308)\n\tat org.apache.maven.surefire.testng.TestNGXmlTestSuite.execute(TestNGXmlTestSuite.java:71)\n\tat org.apache.maven.surefire.testng.TestNGProvider.invoke(TestNGProvider.java:113)\n\tat org.apache.maven.surefire.booter.ForkedBooter.runSuitesInProcess(ForkedBooter.java:385)\n\tat org.apache.maven.surefire.booter.ForkedBooter.execute(ForkedBooter.java:162)\n\tat org.apache.maven.surefire.booter.ForkedBooter.run(ForkedBooter.java:507)\n\tat org.apache.maven.surefire.booter.ForkedBooter.main(ForkedBooter.java:495)\n","flaky":false,"newFailed":false,"newBroken":false,"newPassed":false,"retriesCount":0,"retriesStatusChange":false,"beforeStages":[{"name":"setUp","time":{"start":1756190701340,"stop":1756190701340,"duration":0},"description":"","status":"passed","steps":[{"name":"Init properties file and get enviroment from xml file","time":{"start":1756190701340,"stop":1756190701340,"duration":0},"status":"passed","steps":[],"attachments":[],"parameters":[{"name":"env","value":"test"}],"shouldDisplayMessage":false,"stepsCount":0,"attachmentsCount":0,"hasContent":true}],"attachments":[],"parameters":[],"shouldDisplayMessage":false,"stepsCount":1,"attachmentsCount":0,"hasContent":true}],"testStage":{"description":"Test case: Delete user - missing user id","status":"failed","statusMessage":"expected [400] but found [204]","statusTrace":"java.lang.AssertionError: expected [400] but found [204]\n\tat org.testng.Assert.fail(Assert.java:111)\n\tat org.testng.Assert.failNotEquals(Assert.java:1590)\n\tat org.testng.Assert.assertEqualsImpl(Assert.java:150)\n\tat org.testng.Assert.assertEquals(Assert.java:132)\n\tat org.testng.Assert.assertEquals(Assert.java:1431)\n\tat org.testng.Assert.assertEquals(Assert.java:1395)\n\tat org.testng.Assert.assertEquals(Assert.java:1441)\n\tat tests.DeleteUserTest.testDeleteUserWithoutUserID(DeleteUserTest.java:46)\n\tat java.base/jdk.internal.reflect.NativeMethodAccessorImpl.invoke0(Native Method)\n\tat java.base/jdk.internal.reflect.NativeMethodAccessorImpl.invoke(NativeMethodAccessorImpl.java:77)\n\tat java.base/jdk.internal.reflect.DelegatingMethodAccessorImpl.invoke(DelegatingMethodAccessorImpl.java:43)\n\tat java.base/java.lang.reflect.Method.invoke(Method.java:569)\n\tat org.testng.internal.invokers.MethodInvocationHelper.invokeMethod(MethodInvocationHelper.java:141)\n\tat org.testng.internal.invokers.TestInvoker.invokeMethod(TestInvoker.java:687)\n\tat org.testng.internal.invokers.TestInvoker.invokeTestMethod(TestInvoker.java:230)\n\tat org.testng.internal.invokers.MethodRunner.runInSequence(MethodRunner.java:63)\n\tat org.testng.internal.invokers.TestInvoker$MethodInvocationAgent.invoke(TestInvoker.java:995)\n\tat org.testng.internal.invokers.TestInvoker.invokeTestMethods(TestInvoker.java:203)\n\tat org.testng.internal.invokers.TestMethodWorker.invokeTestMethods(TestMethodWorker.java:154)\n\tat org.testng.internal.invokers.TestMethodWorker.run(TestMethodWorker.java:134)\n\tat java.base/java.util.ArrayList.forEach(ArrayList.java:1511)\n\tat org.testng.TestRunner.privateRun(TestRunner.java:741)\n\tat org.testng.TestRunner.run(TestRunner.java:616)\n\tat org.testng.SuiteRunner.runTest(SuiteRunner.java:421)\n\tat org.testng.SuiteRunner.runSequentially(SuiteRunner.java:413)\n\tat org.testng.SuiteRunner.privateRun(SuiteRunner.java:373)\n\tat org.testng.SuiteRunner.run(SuiteRunner.java:312)\n\tat org.testng.SuiteRunnerWorker.runSuite(SuiteRunnerWorker.java:52)\n\tat org.testng.SuiteRunnerWorker.run(SuiteRunnerWorker.java:95)\n\tat org.testng.TestNG.runSuitesSequentially(TestNG.java:1274)\n\tat org.testng.TestNG.runSuitesLocally(TestNG.java:1208)\n\tat org.testng.TestNG.runSuites(TestNG.java:1112)\n\tat org.testng.TestNG.run(TestNG.java:1079)\n\tat org.apache.maven.surefire.testng.TestNGExecutor.run(TestNGExecutor.java:308)\n\tat org.apache.maven.surefire.testng.TestNGXmlTestSuite.execute(TestNGXmlTestSuite.java:71)\n\tat org.apache.maven.surefire.testng.TestNGProvider.invoke(TestNGProvider.java:113)\n\tat org.apache.maven.surefire.booter.ForkedBooter.runSuitesInProcess(ForkedBooter.java:385)\n\tat org.apache.maven.surefire.booter.ForkedBooter.execute(ForkedBooter.java:162)\n\tat org.apache.maven.surefire.booter.ForkedBooter.run(ForkedBooter.java:507)\n\tat org.apache.maven.surefire.booter.ForkedBooter.main(ForkedBooter.java:495)\n","steps":[{"name":"DELETE","time":{"start":1756190701342,"stop":1756190701558,"duration":216},"status":"passed","steps":[{"name":"Repare request header","time":{"start":1756190701342,"stop":1756190701343,"duration":1},"status":"passed","steps":[],"attachments":[],"parameters":[],"shouldDisplayMessage":false,"stepsCount":0,"attachmentsCount":0,"hasContent":false}],"attachments":[{"uid":"6251c92555e76b8e","name":"Request","source":"6251c92555e76b8e.html","type":"text/html","size":564},{"uid":"11b88b994e94dd1","name":"HTTP/1.1 204 No Content","source":"11b88b994e94dd1.html","type":"text/html","size":1991}],"parameters":[{"name":"endpoint","value":"/api/users/"}],"shouldDisplayMessage":false,"stepsCount":1,"attachmentsCount":2,"hasContent":true}],"attachments":[],"parameters":[],"shouldDisplayMessage":true,"stepsCount":2,"attachmentsCount":2,"hasContent":true},"afterStages":[],"labels":[{"name":"package","value":"tests.DeleteUserTest"},{"name":"testClass","value":"tests.DeleteUserTest"},{"name":"testMethod","value":"testDeleteUserWithoutUserID"},{"name":"parentSuite","value":"API Suite"},{"name":"suite","value":"Single API Tests"},{"name":"subSuite","value":"tests.DeleteUserTest"},{"name":"host","value":"pkrvmqc4gcfdwos"},{"name":"thread","value":"2511@pkrvmqc4gcfdwos.main(1)"},{"name":"framework","value":"testng"},{"name":"language","value":"java"},{"name":"resultFormat","value":"allure2"}],"parameters":[{"name":"env","value":"test"}],"links":[],"hidden":false,"retry":false,"extra":{"severity":"normal","retries":[],"categories":[{"name":"Product defects","matchedStatuses":[],"flaky":false}],"history":{"statistic":{"failed":8,"broken":0,"skipped":0,"passed":0,"unknown":0,"total":8},"items":[{"uid":"cb9b6be61625c58d","reportUrl":"https://htuanln97.github.io/java-api-test/31//#testresult/cb9b6be61625c58d","status":"failed","statusDetails":"expected [400] but found [204]","time":{"start":1756177467775,"stop":1756177468010,"duration":235}},{"uid":"bd4916243e1cfb47","reportUrl":"https://htuanln97.github.io/java-api-test/30//#testresult/bd4916243e1cfb47","status":"failed","statusDetails":"expected [400] but found [204]","time":{"start":1756091414461,"stop":1756091414595,"duration":134}},{"uid":"ec4717c6b02b2470","reportUrl":"https://htuanln97.github.io/java-api-test/29//#testresult/ec4717c6b02b2470","status":"failed","statusDetails":"expected [400] but found [204]","time":{"start":1756037064811,"stop":1756037065138,"duration":327}},{"uid":"71e1a65004698315","reportUrl":"https://htuanln97.github.io/java-api-test/28//#testresult/71e1a65004698315","status":"failed","statusDetails":"expected [400] but found [204]","time":{"start":1756036490753,"stop":1756036490957,"duration":204}},{"uid":"538c6dbce62ff806","reportUrl":"https://htuanln97.github.io/java-api-test/27//#testresult/538c6dbce62ff806","status":"failed","statusDetails":"expected [400] but found [204]","time":{"start":1756036418721,"stop":1756036418916,"duration":195}},{"uid":"df72ad0ccc675fa7","reportUrl":"https://htuanln97.github.io/java-api-test/26//#testresult/df72ad0ccc675fa7","status":"failed","statusDetails":"expected [400] but found [204]","time":{"start":1756036348292,"stop":1756036348417,"duration":125}},{"uid":"34b181e22296a2e1","reportUrl":"https://htuanln97.github.io/java-api-test/25//#testresult/34b181e22296a2e1","status":"failed","statusDetails":"expected [400] but found [204]","time":{"start":1756034121752,"stop":1756034121941,"duration":189}}]},"tags":[]},"source":"f69693a4af271b5c.json","parameterValues":["test"]}